<?xml version="1.0" encoding="UTF-8"?>
<testsuite name="GebishOrgSpec" tests="1" skipped="0" failures="0" errors="0" timestamp="2022-02-24T14:48:42" hostname="VICTORs-MacBook-Air.local" time="18.048">
  <properties/>
  <testcase name="can get to the current Book of Geb" classname="GebishOrgSpec" time="18.048"/>
  <system-out><![CDATA[]]></system-out>
  <system-err><![CDATA[Starting ChromeDriver 98.0.4758.102 (273bf7ac8c909cde36982d27f66f3c70846a3718-refs/branch-heads/4758@{#1151}) on port 17232
Only local connections are allowed.
Please see https://chromedriver.chromium.org/security-considerations for suggestions on keeping ChromeDriver safe.
ChromeDriver was started successfully.
Feb 24, 2022 5:48:48 PM org.openqa.selenium.remote.ProtocolHandshake createSession
INFO: Detected dialect: W3C
]]></system-err>
</testsuite>
